<?xml version="1.0" encoding="UTF-8"?>
<!-- Generated by org.testng.reporters.JUnitReportReporter -->
<testsuite hostname="DESKTOP-CTLDGUL" failures="0" tests="1" name="testCases.Tc_001_AccountRegistration" time="5.048" errors="0" timestamp="2024-03-12T11:49:06 IST" skipped="0">
  <testcase classname="testCases.Tc_001_AccountRegistration" name="test_account_registration" time="5.048"/>
  <system-out/>
</testsuite> <!-- testCases.Tc_001_AccountRegistration -->
