<?xml version="1.0" encoding="UTF-8"?>
<!-- Generated by org.testng.reporters.JUnitReportReporter -->
<testsuite hostname="DESKTOP-CTLDGUL" failures="0" tests="1" name="testCases.Tc__004_searchProduct" time="2.698" errors="0" timestamp="2024-03-12T11:49:06 IST" skipped="0">
  <testcase classname="testCases.Tc__004_searchProduct" name="search_product" time="2.698"/>
  <system-out/>
</testsuite> <!-- testCases.Tc__004_searchProduct -->
