<?xml version="1.0" encoding="UTF-8"?>
<!-- Generated by org.testng.reporters.JUnitReportReporter -->
<testsuite hostname="DESKTOP-CTLDGUL" failures="0" tests="5" name="testCases.Tc_003_loginDDT" time="17.493" errors="0" timestamp="2024-03-12T11:49:06 IST" skipped="0">
  <testcase classname="testCases.Tc_003_loginDDT" name="test_loginddt" time="1.398"/>
  <system-out/>
  <testcase classname="testCases.Tc_003_loginDDT" name="test_loginddt" time="1.483"/>
  <system-out/>
  <testcase classname="testCases.Tc_003_loginDDT" name="test_loginddt" time="2.284"/>
  <system-out/>
  <testcase classname="testCases.Tc_003_loginDDT" name="test_loginddt" time="10.969"/>
  <system-out/>
  <testcase classname="testCases.Tc_003_loginDDT" name="test_loginddt" time="1.359"/>
  <system-out/>
</testsuite> <!-- testCases.Tc_003_loginDDT -->
