<?xml version="1.0" encoding="UTF-8"?>
<!-- Generated by org.testng.reporters.JUnitReportReporter -->
<testsuite hostname="DESKTOP-CTLDGUL" failures="0" tests="1" name="testCases.Tc_002_logintest" time="1.656" errors="0" timestamp="2024-02-28T09:47:22 IST" skipped="0">
  <testcase classname="testCases.Tc_002_logintest" name="logintest" time="1.656"/>
</testsuite> <!-- testCases.Tc_002_logintest -->
